<?xml version="1.0" encoding="UTF-8"?>
<!-- Generated by org.testng.reporters.JUnitReportReporter -->
<testsuite skipped="0" hostname="LAP00050" name="APIProject.com.org.api.WebsocketsAutomation" tests="20" failures="0" timestamp="2021-03-07T12:20:34 CAT" time="0.300" errors="1">
  <testcase name="SAVENEWS" time="0.014" classname="APIProject.com.org.api.WebsocketsAutomation"/>
  <system-out/>
  <testcase name="SENDSMS" time="0.003" classname="APIProject.com.org.api.WebsocketsAutomation"/>
  <system-out/>
  <testcase name="LEADCALLED" time="0.001" classname="APIProject.com.org.api.WebsocketsAutomation">
    <error type="java.io.FileNotFoundException" message="C:\test\LEADCALLED.txt (The system cannot find the file specified)">
      <![CDATA[java.io.FileNotFoundException: C:\test\LEADCALLED.txt (The system cannot find the file specified)
at java.io.FileInputStream.open0(Native Method)
at java.io.FileInputStream.open(FileInputStream.java:195)
at java.io.FileInputStream.<init>(FileInputStream.java:138)
at java.io.FileInputStream.<init>(FileInputStream.java:93)
at java.io.FileReader.<init>(FileReader.java:58)
at APIProject.com.org.api.WebsocketsAutomation.LEADCALLED(WebsocketsAutomation.java:1123)
at sun.reflect.NativeMethodAccessorImpl.invoke0(Native Method)
at sun.reflect.NativeMethodAccessorImpl.invoke(NativeMethodAccessorImpl.java:62)
at sun.reflect.DelegatingMethodAccessorImpl.invoke(DelegatingMethodAccessorImpl.java:43)
at java.lang.reflect.Method.invoke(Method.java:498)
at org.testng.internal.MethodInvocationHelper.invokeMethod(MethodInvocationHelper.java:134)
at org.testng.internal.TestInvoker.invokeMethod(TestInvoker.java:597)
at org.testng.internal.TestInvoker.invokeTestMethod(TestInvoker.java:173)
at org.testng.internal.MethodRunner.runInSequence(MethodRunner.java:46)
at org.testng.internal.TestInvoker$MethodInvocationAgent.invoke(TestInvoker.java:816)
at org.testng.internal.TestInvoker.invokeTestMethods(TestInvoker.java:146)
at org.testng.internal.TestMethodWorker.invokeTestMethods(TestMethodWorker.java:146)
at org.testng.internal.TestMethodWorker.run(TestMethodWorker.java:128)
at java.util.ArrayList.forEach(ArrayList.java:1257)
at org.testng.TestRunner.privateRun(TestRunner.java:766)
at org.testng.TestRunner.run(TestRunner.java:587)
at org.testng.SuiteRunner.runTest(SuiteRunner.java:384)
at org.testng.SuiteRunner.runSequentially(SuiteRunner.java:378)
at org.testng.SuiteRunner.privateRun(SuiteRunner.java:337)
at org.testng.SuiteRunner.run(SuiteRunner.java:286)
at org.testng.SuiteRunnerWorker.runSuite(SuiteRunnerWorker.java:53)
at org.testng.SuiteRunnerWorker.run(SuiteRunnerWorker.java:96)
at org.testng.TestNG.runSuitesSequentially(TestNG.java:1187)
at org.testng.TestNG.runSuitesLocally(TestNG.java:1109)
at org.testng.TestNG.runSuites(TestNG.java:1039)
at org.testng.TestNG.run(TestNG.java:1007)
at org.apache.maven.surefire.testng.TestNGExecutor.run(TestNGExecutor.java:284)
at org.apache.maven.surefire.testng.TestNGXmlTestSuite.execute(TestNGXmlTestSuite.java:75)
at org.apache.maven.surefire.testng.TestNGProvider.invoke(TestNGProvider.java:119)
at org.apache.maven.surefire.booter.ForkedBooter.runSuitesInProcess(ForkedBooter.java:428)
at org.apache.maven.surefire.booter.ForkedBooter.execute(ForkedBooter.java:162)
at org.apache.maven.surefire.booter.ForkedBooter.run(ForkedBooter.java:562)
at org.apache.maven.surefire.booter.ForkedBooter.main(ForkedBooter.java:548)
]]>
    </error>
  </testcase> <!-- LEADCALLED -->
  <system-out/>
  <testcase name="GETNEWS" time="0.004" classname="APIProject.com.org.api.WebsocketsAutomation"/>
  <system-out/>
  <testcase name="CANCELLCONTRACT" time="0.038" classname="APIProject.com.org.api.WebsocketsAutomation"/>
  <system-out/>
  <testcase name="GETALLREFERALS" time="0.004" classname="APIProject.com.org.api.WebsocketsAutomation"/>
  <system-out/>
  <testcase name="LOGIN" time="0.003" classname="APIProject.com.org.api.WebsocketsAutomation"/>
  <system-out/>
  <testcase name="ACTIVATE" time="0.004" classname="APIProject.com.org.api.WebsocketsAutomation"/>
  <system-out/>
  <testcase name="GETDEFAULTUSERDEVICES" time="0.032" classname="APIProject.com.org.api.WebsocketsAutomation"/>
  <system-out/>
  <testcase name="GETDEVICESTATE" time="0.003" classname="APIProject.com.org.api.WebsocketsAutomation"/>
  <system-out/>
  <testcase name="MAKEDEVICEREADY" time="0.004" classname="APIProject.com.org.api.WebsocketsAutomation"/>
  <system-out/>
  <testcase name="GETALLCLIENTS2" time="0.160" classname="APIProject.com.org.api.WebsocketsAutomation"/>
  <system-out/>
  <testcase name="GETINSTALLER" time="0.004" classname="APIProject.com.org.api.WebsocketsAutomation"/>
  <system-out/>
  <testcase name="VERIFYOTP" time="0.004" classname="APIProject.com.org.api.WebsocketsAutomation"/>
  <system-out/>
  <testcase name="UPDATEDEVICECELL" time="0.003" classname="APIProject.com.org.api.WebsocketsAutomation"/>
  <system-out/>
  <testcase name="REINSTATECONTRACT" time="0.003" classname="APIProject.com.org.api.WebsocketsAutomation"/>
  <system-out/>
  <testcase name="DEACTIVATE" time="0.003" classname="APIProject.com.org.api.WebsocketsAutomation"/>
  <system-out/>
  <testcase name="CHECKSERIAL" time="0.005" classname="APIProject.com.org.api.WebsocketsAutomation"/>
  <system-out/>
  <testcase name="UNLINKDEVICE" time="0.003" classname="APIProject.com.org.api.WebsocketsAutomation"/>
  <system-out/>
  <testcase name="GETMONTHINSTALLS" time="0.005" classname="APIProject.com.org.api.WebsocketsAutomation"/>
  <system-out/>
</testsuite> <!-- APIProject.com.org.api.WebsocketsAutomation -->
