<?xml version="1.0" encoding="UTF-8"?>
<!-- Generated by org.testng.reporters.JUnitReportReporter -->
<testsuite skipped="0" hostname="LAP00050" name="APIProject.com.org.api.WebsocketsAutomation" tests="20" failures="0" timestamp="2021-03-07T11:44:06 CAT" time="0.363" errors="1">
  <testcase name="MAKEDEVICEREADY" time="0.006" classname="APIProject.com.org.api.WebsocketsAutomation"/>
  <system-out/>
  <testcase name="SENDSMS" time="0.006" classname="APIProject.com.org.api.WebsocketsAutomation"/>
  <system-out/>
  <testcase name="GETALLREFERALS" time="0.023" classname="APIProject.com.org.api.WebsocketsAutomation"/>
  <system-out/>
  <testcase name="CHECKSERIAL" time="0.024" classname="APIProject.com.org.api.WebsocketsAutomation"/>
  <system-out/>
  <testcase name="UPDATEDEVICECELL" time="0.005" classname="APIProject.com.org.api.WebsocketsAutomation"/>
  <system-out/>
  <testcase name="ACTIVATE" time="0.007" classname="APIProject.com.org.api.WebsocketsAutomation"/>
  <system-out/>
  <testcase name="DEACTIVATE" time="0.008" classname="APIProject.com.org.api.WebsocketsAutomation"/>
  <system-out/>
  <testcase name="CANCELLCONTRACT" time="0.037" classname="APIProject.com.org.api.WebsocketsAutomation"/>
  <system-out/>
  <testcase name="GETDEVICESTATE" time="0.007" classname="APIProject.com.org.api.WebsocketsAutomation"/>
  <system-out/>
  <testcase name="GETALLCLIENTS2" time="0.148" classname="APIProject.com.org.api.WebsocketsAutomation"/>
  <system-out/>
  <testcase name="VERIFYOTP" time="0.005" classname="APIProject.com.org.api.WebsocketsAutomation"/>
  <system-out/>
  <testcase name="LOGIN" time="0.006" classname="APIProject.com.org.api.WebsocketsAutomation"/>
  <system-out/>
  <testcase name="UNLINKDEVICE" time="0.007" classname="APIProject.com.org.api.WebsocketsAutomation"/>
  <system-out/>
  <testcase name="GETMONTHINSTALLS" time="0.010" classname="APIProject.com.org.api.WebsocketsAutomation"/>
  <system-out/>
  <testcase name="GETINSTALLER" time="0.009" classname="APIProject.com.org.api.WebsocketsAutomation"/>
  <system-out/>
  <testcase name="GETNEWS" time="0.008" classname="APIProject.com.org.api.WebsocketsAutomation"/>
  <system-out/>
  <testcase name="GETDEFAULTUSERDEVICES" time="0.035" classname="APIProject.com.org.api.WebsocketsAutomation"/>
  <system-out/>
  <testcase name="SAVENEWS" time="0.004" classname="APIProject.com.org.api.WebsocketsAutomation"/>
  <system-out/>
  <testcase name="LEADCALLED" time="0.002" classname="APIProject.com.org.api.WebsocketsAutomation">
    <error type="java.io.FileNotFoundException" message="C:\test\LEADCALLED.txt (The system cannot find the file specified)">
      <![CDATA[java.io.FileNotFoundException: C:\test\LEADCALLED.txt (The system cannot find the file specified)
at java.io.FileInputStream.open0(Native Method)
at java.io.FileInputStream.open(FileInputStream.java:195)
at java.io.FileInputStream.<init>(FileInputStream.java:138)
at java.io.FileInputStream.<init>(FileInputStream.java:93)
at java.io.FileReader.<init>(FileReader.java:58)
at APIProject.com.org.api.WebsocketsAutomation.LEADCALLED(WebsocketsAutomation.java:1123)
at sun.reflect.NativeMethodAccessorImpl.invoke0(Native Method)
at sun.reflect.NativeMethodAccessorImpl.invoke(NativeMethodAccessorImpl.java:62)
at sun.reflect.DelegatingMethodAccessorImpl.invoke(DelegatingMethodAccessorImpl.java:43)
at java.lang.reflect.Method.invoke(Method.java:498)
at org.testng.internal.MethodInvocationHelper.invokeMethod(MethodInvocationHelper.java:135)
at org.testng.internal.TestInvoker.invokeMethod(TestInvoker.java:598)
at org.testng.internal.TestInvoker.invokeTestMethod(TestInvoker.java:174)
at org.testng.internal.MethodRunner.runInSequence(MethodRunner.java:46)
at org.testng.internal.TestInvoker$MethodInvocationAgent.invoke(TestInvoker.java:821)
at org.testng.internal.TestInvoker.invokeTestMethods(TestInvoker.java:147)
at org.testng.internal.TestMethodWorker.invokeTestMethods(TestMethodWorker.java:146)
at org.testng.internal.TestMethodWorker.run(TestMethodWorker.java:128)
at java.util.ArrayList.forEach(ArrayList.java:1257)
at org.testng.TestRunner.privateRun(TestRunner.java:767)
at org.testng.TestRunner.run(TestRunner.java:588)
at org.testng.SuiteRunner.runTest(SuiteRunner.java:384)
at org.testng.SuiteRunner.runSequentially(SuiteRunner.java:378)
at org.testng.SuiteRunner.privateRun(SuiteRunner.java:337)
at org.testng.SuiteRunner.run(SuiteRunner.java:286)
at org.testng.SuiteRunnerWorker.runSuite(SuiteRunnerWorker.java:53)
at org.testng.SuiteRunnerWorker.run(SuiteRunnerWorker.java:96)
at org.testng.TestNG.runSuitesSequentially(TestNG.java:1214)
at org.testng.TestNG.runSuitesLocally(TestNG.java:1136)
at org.testng.TestNG.runSuites(TestNG.java:1066)
at org.testng.TestNG.run(TestNG.java:1034)
at org.testng.remote.AbstractRemoteTestNG.run(AbstractRemoteTestNG.java:115)
at org.testng.remote.RemoteTestNG.initAndRun(RemoteTestNG.java:251)
at org.testng.remote.RemoteTestNG.main(RemoteTestNG.java:77)
]]>
    </error>
  </testcase> <!-- LEADCALLED -->
  <system-out/>
  <testcase name="REINSTATECONTRACT" time="0.006" classname="APIProject.com.org.api.WebsocketsAutomation"/>
  <system-out/>
</testsuite> <!-- APIProject.com.org.api.WebsocketsAutomation -->
